Arguments: 
  /root/anaconda3/bin/node /root/anaconda3/bin/yarn add create-react-app

PATH: 
  /root/anaconda3/bin:/root/anaconda3/condabin:/usr/local/sbin:/usr/local/bin:/usr/sbin:/usr/bin:/sbin:/bin:/usr/games:/usr/local/games:/mnt/c/Program Files/WindowsApps/Microsoft.WindowsTerminal_1.6.10571.0_x64__8wekyb3d8bbwe:/mnt/c/Python39/Scripts:/mnt/c/Python39:/mnt/d/WinPython/WPy64-3902/python-3.9.0.amd64:/mnt/d/WinPython/WPy64-3902/python-3.9.0.amd64/Scripts:/mnt/c/Python38:/mnt/c/Program Files (x86)/Intel/Intel(R) Management Engine Components/iCLS:/mnt/c/Program Files/Intel/Intel(R) Management Engine Components/iCLS:/mnt/c/windows/system32:/mnt/c/windows:/mnt/c/windows/System32/Wbem:/mnt/c/windows/System32/WindowsPowerShell/v1.0:/mnt/c/windows/System32/OpenSSH:/mnt/c/Program Files (x86)/Intel/Intel(R) Management Engine Components/DAL:/mnt/c/Program Files/Intel/Intel(R) Management Engine Components/DAL:/mnt/c/Program Files/NVIDIA Corporation/NVIDIA NvDLISR:/mnt/c/WINDOWS/system32:/mnt/c/WINDOWS:/mnt/c/WINDOWS/System32/Wbem:/mnt/c/WINDOWS/System32/WindowsPowerShell/v1.0:/mnt/c/WINDOWS/System32/OpenSSH:/mnt/c/Program Files (x86)/Microsoft SQL Server/110/Tools/Binn:/mnt/c/Program Files/Microsoft SQL Server/110/Tools/Binn:/mnt/c/Program Files/Microsoft SQL Server/110/DTS/Binn:/mnt/d/GCloud/google-cloud-sdk/bin:/mnt/c/ProgramData/chocolatey/bin:/mnt/c/ProgramData/chocolatey/lib/mpv.install/tools:/mnt/c/Program Files (x86)/NVIDIA Corporation/PhysX/Common:/mnt/d/New folder/PuTTY:/mnt/d/Node:/mnt/c/Users/Sai Sridhar Akula/AppData/Local/Microsoft/WindowsApps:/mnt/c/Users/Sai Sridhar Akula/AppData/Roaming/npm:/mnt/d/Microsoft VS Code/bin:/snap/bin

Yarn version: 
  1.22.10

Node version: 
  12.4.0

Platform: 
  linux x64

Trace: 
  Error: ENOENT: no such file or directory, copyfile '/usr/local/share/.cache/yarn/v6/npm-sisteransi-1.0.5-134d681297756437cc05ca01370d3a7a571075ed-integrity/node_modules/sisteransi/src/index.js' -> '/mnt/d/Node_Git/node_modules/sisteransi/src/index.js'

npm manifest: 
  {
    "name": "node_git",
    "version": "1.0.0",
    "description": "Initial Testing",
    "main": "index.html",
    "scripts": {
      "start": "npm run lite",
      "test": "echo \"Error: no test specified\" && exit 1",
      "lite": "lite-server",
      "scss": "node-sass -o css/ css/",
      "watch:scss": "onchange \"css/*.scss\" -- npm run scss",
      "watch:all": "parallelshell \"npm run watch:scss\" \"npm run lite\"",
      "clean": "rimraf dist",
      "copyfonts": "copyfiles -f node_modules/font-awesome/fonts/* dist/fonts",
      "imagemin": "imagemin img/* --out-dir='dist/img'",
      "usemin": "usemin \"Coursera/Assignment 1/contactus.html\" -d dist --htmlmin -o dist/contactus.html && usemin \"Coursera/Assignment 1/aboutus.html\" -d dist --htmlmin -o dist/aboutus.html && usemin \"Coursera/Assignment 1/index.html\" -d dist --htmlmin -o dist/index.html",
      "build": "npm run clean && npm run imagemin && npm run copyfonts && npm run usemin"
    },
    "repository": {
      "type": "git",
      "url": "git+https://github.com/SaiSridhar783/Node_Git.git"
    },
    "author": "Akula Sai Sridhar",
    "license": "ISC",
    "bugs": {
      "url": "https://github.com/SaiSridhar783/Node_Git/issues"
    },
    "homepage": "https://github.com/SaiSridhar783/Node_Git#readme",
    "dependencies": {
      "bootstrap": "^4.0.0",
      "bootstrap-social": "^5.1.1",
      "font-awesome": "^4.7.0",
      "jquery": "^3.3.1",
      "popper.js": "^1.12.9"
    },
    "devDependencies": {
      "browser-sync": "^2.23.6",
      "cssmin": "^0.4.3",
      "del": "^3.0.0",
      "grunt": "^1.3.0",
      "grunt-browser-sync": "^2.2.0",
      "grunt-contrib-clean": "^1.1.0",
      "grunt-contrib-concat": "^1.0.1",
      "grunt-contrib-copy": "^1.0.0",
      "grunt-contrib-cssmin": "^2.2.1",
      "grunt-contrib-htmlmin": "^2.4.0",
      "grunt-contrib-imagemin": "^4.0.0",
      "grunt-contrib-uglify": "^3.3.0",
      "grunt-contrib-watch": "^1.0.0",
      "grunt-filerev": "^2.3.1",
      "grunt-sass": "^2.1.0",
      "grunt-usemin": "^0.1.13",
      "gulp": "^4.0.2",
      "gulp-clean-css": "^3.9.3",
      "gulp-flatmap": "^1.0.2",
      "gulp-htmlmin": "^4.0.0",
      "gulp-imagemin": "^7.1.0",
      "gulp-rev": "^8.1.1",
      "gulp-sass": "^3.2.1",
      "gulp-uglify": "^3.0.0",
      "gulp-usemin": "^0.3.29",
      "htmlmin": "^0.0.7",
      "jit-grunt": "^0.10.0",
      "lite-server": "^2.6.1",
      "node-sass": "^5.0.0",
      "onchange": "^7.1.0",
      "parallelshell": "^3.0.2",
      "rimraf": "^3.0.2",
      "time-grunt": "^1.4.0",
      "uglifyjs": "^2.4.11",
      "usemin-cli": "^0.6.0"
    }
  }

yarn manifest: 
  No manifest

Lockfile: 
  No lockfile
